#
# There is insufficient memory for the Java Runtime Environment to continue.
# Native memory allocation (malloc) failed to allocate 412976 bytes for Chunk::new
# Possible reasons:
#   The system is out of physical RAM or swap space
#   The process is running with CompressedOops enabled, and the Java Heap may be blocking the growth of the native heap
# Possible solutions:
#   Reduce memory load on the system
#   Increase physical memory or swap space
#   Check if swap backing store is full
#   Decrease Java heap size (-Xmx/-Xms)
#   Decrease number of Java threads
#   Decrease Java thread stack sizes (-Xss)
#   Set larger code cache with -XX:ReservedCodeCacheSize=
#   JVM is running with Zero Based Compressed Oops mode in which the Java heap is
#     placed in the first 32GB address space. The Java Heap base address is the
#     maximum limit for the native heap growth. Please use -XX:HeapBaseMinAddress
#     to set the Java Heap base and to place the Java Heap above 32GB virtual address.
# This output file may be truncated or incomplete.
#
#  Out of Memory Error (allocation.cpp:389), pid=27408, tid=0x00000000000041a0
#
# JRE version: OpenJDK Runtime Environment (8.0_242-b01) (build 1.8.0_242-release-1644-b01)
# Java VM: OpenJDK 64-Bit Server VM (25.242-b01 mixed mode windows-amd64 compressed oops)
# Failed to write core dump. Minidumps are not enabled by default on client versions of Windows
#

---------------  T H R E A D  ---------------

Current thread (0x000000001ca3e800):  JavaThread "C2 CompilerThread2" daemon [_thread_in_native, id=16800, stack(0x000000001f330000,0x000000001f430000)]

Stack: [0x000000001f330000,0x000000001f430000]
[error occurred during error reporting (printing stack bounds), id 0xc0000005]

Native frames: (J=compiled Java code, j=interpreted, Vv=VM code, C=native code)


Current CompileTask:
C2:   7973 5198       4       org.jetbrains.org.objectweb.asm.ClassReader::readMethod (1047 bytes)


---------------  P R O C E S S  ---------------

Java Threads: ( => current thread )
  0x000000001e86a800 JavaThread "Service Thread" daemon [_thread_blocked, id=26192, stack(0x000000001f530000,0x000000001f630000)]
  0x000000001e865800 JavaThread "C1 CompilerThread3" daemon [_thread_blocked, id=28500, stack(0x000000001f430000,0x000000001f530000)]
=>0x000000001ca3e800 JavaThread "C2 CompilerThread2" daemon [_thread_in_native, id=16800, stack(0x000000001f330000,0x000000001f430000)]
  0x000000001ca3d000 JavaThread "C2 CompilerThread1" daemon [_thread_in_native, id=16628, stack(0x000000001f230000,0x000000001f330000)]
  0x000000001e85a800 JavaThread "C2 CompilerThread0" daemon [_thread_in_native, id=25588, stack(0x000000001f130000,0x000000001f230000)]
  0x000000001e859800 JavaThread "Attach Listener" daemon [_thread_blocked, id=24496, stack(0x000000001f030000,0x000000001f130000)]
  0x000000001e858800 JavaThread "Signal Dispatcher" daemon [_thread_blocked, id=18392, stack(0x000000001ef30000,0x000000001f030000)]
  0x000000001ca2d800 JavaThread "Finalizer" daemon [_thread_blocked, id=13580, stack(0x000000001ed20000,0x000000001ee20000)]
  0x000000001e840800 JavaThread "Reference Handler" daemon [_thread_blocked, id=19008, stack(0x000000001ec20000,0x000000001ed20000)]
  0x0000000002faa000 JavaThread "main" [_thread_in_native, id=26456, stack(0x0000000002ea0000,0x0000000002fa0000)]

Other Threads:
  0x000000001ca25800 VMThread [stack: 0x000000001e720000,0x000000001e820000] [id=19500]
  0x000000001e86b800 WatcherThread [stack: 0x000000001f630000,0x000000001f730000] [id=16708]

VM state:not at safepoint (normal execution)

VM Mutex/Monitor currently owned by a thread: None

heap address: 0x00000006c3600000, size: 4042 MB, Compressed Oops mode: Zero based, Oop shift amount: 3
Narrow klass base: 0x0000000000000000, Narrow klass shift: 3
Compressed class space size: 1073741824 Address: 0x00000007c0000000

Heap:
 PSYoungGen      total 140800K, used 127178K [0x000000076bd00000, 0x0000000777900000, 0x00000007c0000000)
  eden space 130048K, 97% used [0x000000076bd00000,0x0000000773932b70,0x0000000773c00000)
  from space 10752K, 0% used [0x0000000773c00000,0x0000000773c00000,0x0000000774680000)
  to   space 10752K, 0% used [0x0000000776e80000,0x0000000776e80000,0x0000000777900000)
 ParOldGen       total 224256K, used 27838K [0x00000006c3600000, 0x00000006d1100000, 0x000000076bd00000)
  object space 224256K, 12% used [0x00000006c3600000,0x00000006c512faf8,0x00000006d1100000)
 Metaspace       used 43505K, capacity 44222K, committed 44464K, reserved 1087488K
  class space    used 5321K, capacity 5518K, committed 5552K, reserved 1048576K

Card table byte_map: [0x0000000012470000,0x0000000012c60000] byte_map_base: 0x000000000ee55000

Marking Bits: (ParMarkBitMap*) 0x0000000074e1f030
 Begin Bits: [0x00000000139b0000, 0x00000000178d8000)
 End Bits:   [0x00000000178d8000, 0x000000001b800000)

Polling page: 0x0000000002e60000

CodeCache: size=245760Kb used=16847Kb max_used=16847Kb free=228912Kb
 bounds [0x00000000030b0000, 0x0000000004140000, 0x00000000120b0000]
 total_blobs=5650 nmethods=5186 adapters=377
 compilation: enabled

Compilation events (10 events):
Event: 7.951 Thread 0x000000001e865800 5219       3       org.jetbrains.kotlin.types.checker.ClassicTypeCheckerContext::refineType (60 bytes)
Event: 7.951 Thread 0x000000001e865800 nmethod 5219 0x0000000004130710 code [0x00000000041308e0, 0x0000000004130f38]
Event: 7.951 Thread 0x000000001e865800 5220       3       org.jetbrains.kotlin.types.checker.ClassicTypeCheckerContext::isMarkedNullable (13 bytes)
Event: 7.951 Thread 0x000000001e865800 nmethod 5220 0x0000000004131190 code [0x0000000004131300, 0x0000000004131578]
Event: 7.952 Thread 0x000000001e865800 5221       3       org.jetbrains.kotlin.types.TypeProjectionImpl::<init> (17 bytes)
Event: 7.953 Thread 0x000000001e865800 nmethod 5221 0x0000000004131690 code [0x0000000004131820, 0x0000000004131bd8]
Event: 7.966 Thread 0x000000001e865800 5222       3       org.jetbrains.kotlin.types.TypeSubstitution::filterAnnotations (8 bytes)
Event: 7.966 Thread 0x000000001e865800 nmethod 5222 0x0000000004131d50 code [0x0000000004131ec0, 0x00000000041320e8]
Event: 7.966 Thread 0x000000001e865800 5223       3       org.jetbrains.kotlin.types.SpecialTypesKt::getAbbreviatedType (23 bytes)
Event: 7.967 Thread 0x000000001e865800 nmethod 5223 0x00000000041321d0 code [0x0000000004132360, 0x0000000004132858]

GC Heap History (10 events):
Event: 1.853 GC heap before
{Heap before GC invocations=1 (full 0):
 PSYoungGen      total 75776K, used 65024K [0x000000076bd00000, 0x0000000771180000, 0x00000007c0000000)
  eden space 65024K, 100% used [0x000000076bd00000,0x000000076fc80000,0x000000076fc80000)
  from space 10752K, 0% used [0x0000000770700000,0x0000000770700000,0x0000000771180000)
  to   space 10752K, 0% used [0x000000076fc80000,0x000000076fc80000,0x0000000770700000)
 ParOldGen       total 173568K, used 0K [0x00000006c3600000, 0x00000006cdf80000, 0x000000076bd00000)
  object space 173568K, 0% used [0x00000006c3600000,0x00000006c3600000,0x00000006cdf80000)
 Metaspace       used 15553K, capacity 15814K, committed 16000K, reserved 1062912K
  class space    used 1809K, capacity 1917K, committed 1920K, reserved 1048576K
Event: 1.875 GC heap after
Heap after GC invocations=1 (full 0):
 PSYoungGen      total 75776K, used 10729K [0x000000076bd00000, 0x0000000775100000, 0x00000007c0000000)
  eden space 65024K, 0% used [0x000000076bd00000,0x000000076bd00000,0x000000076fc80000)
  from space 10752K, 99% used [0x000000076fc80000,0x00000007706fa5e0,0x0000000770700000)
  to   space 10752K, 0% used [0x0000000774680000,0x0000000774680000,0x0000000775100000)
 ParOldGen       total 173568K, used 4565K [0x00000006c3600000, 0x00000006cdf80000, 0x000000076bd00000)
  object space 173568K, 2% used [0x00000006c3600000,0x00000006c3a75690,0x00000006cdf80000)
 Metaspace       used 15553K, capacity 15814K, committed 16000K, reserved 1062912K
  class space    used 1809K, capacity 1917K, committed 1920K, reserved 1048576K
}
Event: 2.425 GC heap before
{Heap before GC invocations=2 (full 0):
 PSYoungGen      total 75776K, used 32176K [0x000000076bd00000, 0x0000000775100000, 0x00000007c0000000)
  eden space 65024K, 32% used [0x000000076bd00000,0x000000076d1f1b18,0x000000076fc80000)
  from space 10752K, 99% used [0x000000076fc80000,0x00000007706fa5e0,0x0000000770700000)
  to   space 10752K, 0% used [0x0000000774680000,0x0000000774680000,0x0000000775100000)
 ParOldGen       total 173568K, used 4565K [0x00000006c3600000, 0x00000006cdf80000, 0x000000076bd00000)
  object space 173568K, 2% used [0x00000006c3600000,0x00000006c3a75690,0x00000006cdf80000)
 Metaspace       used 20819K, capacity 21244K, committed 21296K, reserved 1069056K
  class space    used 2455K, capacity 2592K, committed 2608K, reserved 1048576K
Event: 2.434 GC heap after
Heap after GC invocations=2 (full 0):
 PSYoungGen      total 140800K, used 9763K [0x000000076bd00000, 0x0000000775100000, 0x00000007c0000000)
  eden space 130048K, 0% used [0x000000076bd00000,0x000000076bd00000,0x0000000773c00000)
  from space 10752K, 90% used [0x0000000774680000,0x0000000775008c38,0x0000000775100000)
  to   space 10752K, 0% used [0x0000000773c00000,0x0000000773c00000,0x0000000774680000)
 ParOldGen       total 173568K, used 4637K [0x00000006c3600000, 0x00000006cdf80000, 0x000000076bd00000)
  object space 173568K, 2% used [0x00000006c3600000,0x00000006c3a876a0,0x00000006cdf80000)
 Metaspace       used 20819K, capacity 21244K, committed 21296K, reserved 1069056K
  class space    used 2455K, capacity 2592K, committed 2608K, reserved 1048576K
}
Event: 2.434 GC heap before
{Heap before GC invocations=3 (full 1):
 PSYoungGen      total 140800K, used 9763K [0x000000076bd00000, 0x0000000775100000, 0x00000007c0000000)
  eden space 130048K, 0% used [0x000000076bd00000,0x000000076bd00000,0x0000000773c00000)
  from space 10752K, 90% used [0x0000000774680000,0x0000000775008c38,0x0000000775100000)
  to   space 10752K, 0% used [0x0000000773c00000,0x0000000773c00000,0x0000000774680000)
 ParOldGen       total 173568K, used 4637K [0x00000006c3600000, 0x00000006cdf80000, 0x000000076bd00000)
  object space 173568K, 2% used [0x00000006c3600000,0x00000006c3a876a0,0x00000006cdf80000)
 Metaspace       used 20819K, capacity 21244K, committed 21296K, reserved 1069056K
  class space    used 2455K, capacity 2592K, committed 2608K, reserved 1048576K
Event: 2.500 GC heap after
Heap after GC invocations=3 (full 1):
 PSYoungGen      total 140800K, used 0K [0x000000076bd00000, 0x0000000775100000, 0x00000007c0000000)
  eden space 130048K, 0% used [0x000000076bd00000,0x000000076bd00000,0x0000000773c00000)
  from space 10752K, 0% used [0x0000000774680000,0x0000000774680000,0x0000000775100000)
  to   space 10752K, 0% used [0x0000000773c00000,0x0000000773c00000,0x0000000774680000)
 ParOldGen       total 123392K, used 9472K [0x00000006c3600000, 0x00000006cae80000, 0x000000076bd00000)
  object space 123392K, 7% used [0x00000006c3600000,0x00000006c3f403b8,0x00000006cae80000)
 Metaspace       used 20819K, capacity 21244K, committed 21296K, reserved 1069056K
  class space    used 2455K, capacity 2592K, committed 2608K, reserved 1048576K
}
Event: 4.663 GC heap before
{Heap before GC invocations=4 (full 1):
 PSYoungGen      total 140800K, used 94924K [0x000000076bd00000, 0x0000000775100000, 0x00000007c0000000)
  eden space 130048K, 72% used [0x000000076bd00000,0x00000007719b3050,0x0000000773c00000)
  from space 10752K, 0% used [0x0000000774680000,0x0000000774680000,0x0000000775100000)
  to   space 10752K, 0% used [0x0000000773c00000,0x0000000773c00000,0x0000000774680000)
 ParOldGen       total 123392K, used 9472K [0x00000006c3600000, 0x00000006cae80000, 0x000000076bd00000)
  object space 123392K, 7% used [0x00000006c3600000,0x00000006c3f403b8,0x00000006cae80000)
 Metaspace       used 34752K, capacity 35214K, committed 35496K, reserved 1081344K
  class space    used 4421K, capacity 4580K, committed 4656K, reserved 1048576K
Event: 4.683 GC heap after
Heap after GC invocations=4 (full 1):
 PSYoungGen      total 140800K, used 10732K [0x000000076bd00000, 0x0000000777900000, 0x00000007c0000000)
  eden space 130048K, 0% used [0x000000076bd00000,0x000000076bd00000,0x0000000773c00000)
  from space 10752K, 99% used [0x0000000773c00000,0x000000077467b158,0x0000000774680000)
  to   space 10752K, 0% used [0x0000000776e80000,0x0000000776e80000,0x0000000777900000)
 ParOldGen       total 123392K, used 21397K [0x00000006c3600000, 0x00000006cae80000, 0x000000076bd00000)
  object space 123392K, 17% used [0x00000006c3600000,0x00000006c4ae5660,0x00000006cae80000)
 Metaspace       used 34752K, capacity 35214K, committed 35496K, reserved 1081344K
  class space    used 4421K, capacity 4580K, committed 4656K, reserved 1048576K
}
Event: 4.683 GC heap before
{Heap before GC invocations=5 (full 2):
 PSYoungGen      total 140800K, used 10732K [0x000000076bd00000, 0x0000000777900000, 0x00000007c0000000)
  eden space 130048K, 0% used [0x000000076bd00000,0x000000076bd00000,0x0000000773c00000)
  from space 10752K, 99% used [0x0000000773c00000,0x000000077467b158,0x0000000774680000)
  to   space 10752K, 0% used [0x0000000776e80000,0x0000000776e80000,0x0000000777900000)
 ParOldGen       total 123392K, used 21397K [0x00000006c3600000, 0x00000006cae80000, 0x000000076bd00000)
  object space 123392K, 17% used [0x00000006c3600000,0x00000006c4ae5660,0x00000006cae80000)
 Metaspace       used 34752K, capacity 35214K, committed 35496K, reserved 1081344K
  class space    used 4421K, capacity 4580K, committed 4656K, reserved 1048576K
Event: 4.742 GC heap after
Heap after GC invocations=5 (full 2):
 PSYoungGen      total 140800K, used 0K [0x000000076bd00000, 0x0000000777900000, 0x00000007c0000000)
  eden space 130048K, 0% used [0x000000076bd00000,0x000000076bd00000,0x0000000773c00000)
  from space 10752K, 0% used [0x0000000773c00000,0x0000000773c00000,0x0000000774680000)
  to   space 10752K, 0% used [0x0000000776e80000,0x0000000776e80000,0x0000000777900000)
 ParOldGen       total 224256K, used 27838K [0x00000006c3600000, 0x00000006d1100000, 0x000000076bd00000)
  object space 224256K, 12% used [0x00000006c3600000,0x00000006c512faf8,0x00000006d1100000)
 Metaspace       used 34752K, capacity 35214K, committed 35496K, reserved 1081344K
  class space    used 4421K, capacity 4580K, committed 4656K, reserved 1048576K
}

Deoptimization events (10 events):
Event: 6.546 Thread 0x0000000002faa000 Uncommon trap: reason=unstable_if action=reinterpret pc=0x00000000039be208 method=org.jetbrains.kotlin.protobuf.CodedOutputStream.computeRawVarint32Size(I)I @ 14
Event: 6.619 Thread 0x0000000002faa000 Uncommon trap: reason=unstable_if action=reinterpret pc=0x000000000387b804 method=org.jetbrains.kotlin.com.intellij.psi.tree.TokenSet.contains(Lorg/jetbrains/kotlin/com/intellij/psi/tree/IElementType;)Z @ 1
Event: 6.622 Thread 0x0000000002faa000 Uncommon trap: reason=unstable_if action=reinterpret pc=0x00000000034d2588 method=kotlin.jvm.internal.Intrinsics.areEqual(Ljava/lang/Object;Ljava/lang/Object;)Z @ 5
Event: 6.959 Thread 0x0000000002faa000 Uncommon trap: reason=bimorphic action=maybe_recompile pc=0x0000000003c4069c method=org.jetbrains.org.objectweb.asm.ClassReader.readMethod(Lorg/jetbrains/org/objectweb/asm/ClassVisitor;Lorg/jetbrains/org/objectweb/asm/Context;I)I @ 515
Event: 6.959 Thread 0x0000000002faa000 Uncommon trap: reason=bimorphic action=maybe_recompile pc=0x0000000003c4069c method=org.jetbrains.org.objectweb.asm.ClassReader.readMethod(Lorg/jetbrains/org/objectweb/asm/ClassVisitor;Lorg/jetbrains/org/objectweb/asm/Context;I)I @ 515
Event: 6.959 Thread 0x0000000002faa000 Uncommon trap: reason=bimorphic action=maybe_recompile pc=0x0000000003c4069c method=org.jetbrains.org.objectweb.asm.ClassReader.readMethod(Lorg/jetbrains/org/objectweb/asm/ClassVisitor;Lorg/jetbrains/org/objectweb/asm/Context;I)I @ 515
Event: 7.088 Thread 0x0000000002faa000 Uncommon trap: reason=unstable_if action=reinterpret pc=0x0000000003c408a0 method=org.jetbrains.kotlin.load.java.structure.impl.classFiles.BinaryJavaClass.visitMethod(ILjava/lang/String;Ljava/lang/String;Ljava/lang/String;[Ljava/lang/String;)Lorg/jetbrain
Event: 7.103 Thread 0x0000000002faa000 Uncommon trap: reason=bimorphic action=maybe_recompile pc=0x0000000003d9b520 method=kotlin.collections.CollectionsKt___CollectionsKt.toList(Ljava/lang/Iterable;)Ljava/util/List; @ 76
Event: 7.454 Thread 0x0000000002faa000 Uncommon trap: reason=unstable_if action=reinterpret pc=0x0000000003f4bfbc method=org.jetbrains.org.objectweb.asm.ClassReader.<init>([BIZ)V @ 23
Event: 7.495 Thread 0x0000000002faa000 Uncommon trap: reason=unstable_if action=reinterpret pc=0x0000000003d3b69c method=org.jetbrains.org.objectweb.asm.Type.getDescriptor()Ljava/lang/String; @ 35

Classes redefined (0 events):
No events

Internal exceptions (10 events):
Event: 2.187 Thread 0x0000000002faa000 Exception <a 'java/lang/NoSuchMethodError': java.lang.Object.lambda$static$0(I)[Lorg/jetbrains/kotlin/com/intellij/openapi/editor/event/DocumentListener;> (0x000000076c974a88) thrown at [C:\src\AOSP-openjdk-git\hotspot\src\share\vm\interpreter\linkResolve
Event: 2.234 Thread 0x0000000002faa000 Exception <a 'java/lang/NoSuchMethodError': java.lang.Object.lambda$static$0(I)[Lorg/jetbrains/kotlin/com/intellij/psi/PsiAnnotation;> (0x000000076cb946e0) thrown at [C:\src\AOSP-openjdk-git\hotspot\src\share\vm\interpreter\linkResolver.cpp, line 620]
Event: 2.420 Thread 0x0000000002faa000 Exception <a 'java/lang/NoSuchMethodError': java.lang.Object.lambda$static$0(I)[Lorg/jetbrains/kotlin/com/intellij/psi/PsiElement;> (0x000000076d122820) thrown at [C:\src\AOSP-openjdk-git\hotspot\src\share\vm\interpreter\linkResolver.cpp, line 620]
Event: 3.635 Thread 0x0000000002faa000 Exception <a 'java/lang/ArrayIndexOutOfBoundsException': 126> (0x000000076f057d30) thrown at [C:\src\AOSP-openjdk-git\hotspot\src\share\vm\interpreter\interpreterRuntime.cpp, line 368]
Event: 3.636 Thread 0x0000000002faa000 Exception <a 'java/lang/ArrayIndexOutOfBoundsException': 86> (0x000000076f0591b8) thrown at [C:\src\AOSP-openjdk-git\hotspot\src\share\vm\interpreter\interpreterRuntime.cpp, line 368]
Event: 4.549 Thread 0x0000000002faa000 Exception <a 'java/lang/NoSuchMethodError': java.lang.Object.lambda$static$0(I)[Lorg/jetbrains/kotlin/psi/KtExpression;> (0x00000007717d4ff0) thrown at [C:\src\AOSP-openjdk-git\hotspot\src\share\vm\interpreter\linkResolver.cpp, line 620]
Event: 5.058 Thread 0x0000000002faa000 Exception <a 'java/lang/NoSuchMethodError': java.lang.Object.lambda$static$0(I)[Lorg/jetbrains/kotlin/psi/KtDeclaration;> (0x000000076bf68958) thrown at [C:\src\AOSP-openjdk-git\hotspot\src\share\vm\interpreter\linkResolver.cpp, line 620]
Event: 5.280 Thread 0x0000000002faa000 Exception <a 'java/lang/NoSuchMethodError': java.lang.Object.lambda$static$0(I)[Lorg/jetbrains/kotlin/psi/KtTypeElement;> (0x000000076c9ec760) thrown at [C:\src\AOSP-openjdk-git\hotspot\src\share\vm\interpreter\linkResolver.cpp, line 620]
Event: 6.152 Thread 0x0000000002faa000 Exception <a 'java/lang/NoSuchMethodError': java.lang.Object.lambda$static$0(I)[Lorg/jetbrains/kotlin/com/intellij/psi/PsiClass;> (0x000000076f0e8800) thrown at [C:\src\AOSP-openjdk-git\hotspot\src\share\vm\interpreter\linkResolver.cpp, line 620]
Event: 6.619 Thread 0x0000000002faa000 Implicit null exception at 0x000000000387b70c to 0x000000000387b7f1

Events (10 events):
Event: 7.747 Thread 0x0000000002faa000 DEOPT PACKING pc=0x0000000003f845d1 sp=0x0000000002f9b940
Event: 7.747 Thread 0x0000000002faa000 DEOPT UNPACKING pc=0x00000000030f75d0 sp=0x0000000002f9b678 mode 0
Event: 7.774 loading class java/util/AbstractList$1
Event: 7.774 loading class java/util/AbstractList$1 done
Event: 7.789 loading class org/jetbrains/kotlin/builtins/KotlinBuiltIns$Primitives
Event: 7.789 loading class org/jetbrains/kotlin/builtins/KotlinBuiltIns$Primitives done
Event: 7.793 Executing VM operation: ForceSafepoint
Event: 7.793 Executing VM operation: ForceSafepoint done
Event: 7.971 Thread 0x0000000002faa000 DEOPT PACKING pc=0x0000000003f845d1 sp=0x0000000002f9ccd0
Event: 7.971 Thread 0x0000000002faa000 DEOPT UNPACKING pc=0x00000000030f75d0 sp=0x0000000002f9c9e8 mode 0


Dynamic libraries:
0x00007ff6b9570000 - 0x00007ff6b95a1000 	D:\Android\Android Studio\jre\jre\bin\java.exe
0x00007ff866b90000 - 0x00007ff866d85000 	C:\WINDOWS\SYSTEM32\ntdll.dll
0x00007ff865970000 - 0x00007ff865a2d000 	C:\WINDOWS\System32\KERNEL32.DLL
0x00007ff864810000 - 0x00007ff864ad9000 	C:\WINDOWS\System32\KERNELBASE.dll
0x00007ff865a30000 - 0x00007ff865adc000 	C:\WINDOWS\System32\ADVAPI32.dll
0x00007ff864f30000 - 0x00007ff864fce000 	C:\WINDOWS\System32\msvcrt.dll
0x00007ff865540000 - 0x00007ff8655db000 	C:\WINDOWS\System32\sechost.dll
0x00007ff865830000 - 0x00007ff86595a000 	C:\WINDOWS\System32\RPCRT4.dll
0x00007ff864ca0000 - 0x00007ff864e40000 	C:\WINDOWS\System32\USER32.dll
0x00007ff864550000 - 0x00007ff864572000 	C:\WINDOWS\System32\win32u.dll
0x00007ff866370000 - 0x00007ff86639a000 	C:\WINDOWS\System32\GDI32.dll
0x00007ff864ae0000 - 0x00007ff864beb000 	C:\WINDOWS\System32\gdi32full.dll
0x00007ff8644b0000 - 0x00007ff86454d000 	C:\WINDOWS\System32\msvcp_win.dll
0x00007ff864710000 - 0x00007ff864810000 	C:\WINDOWS\System32\ucrtbase.dll
0x00007ff847240000 - 0x00007ff8474da000 	C:\WINDOWS\WinSxS\amd64_microsoft.windows.common-controls_6595b64144ccf1df_6.0.19041.1110_none_60b5254171f9507e\COMCTL32.dll
0x00007ff866ac0000 - 0x00007ff866af0000 	C:\WINDOWS\System32\IMM32.DLL
0x00000000755d0000 - 0x00000000756a2000 	D:\Android\Android Studio\jre\jre\bin\msvcr100.dll
0x0000000074650000 - 0x0000000074e9b000 	D:\Android\Android Studio\jre\jre\bin\server\jvm.dll
0x00007ff864f20000 - 0x00007ff864f28000 	C:\WINDOWS\System32\PSAPI.DLL
0x00007ff85fc40000 - 0x00007ff85fc49000 	C:\WINDOWS\SYSTEM32\WSOCK32.dll
0x00007ff8662f0000 - 0x00007ff86635b000 	C:\WINDOWS\System32\WS2_32.dll
0x00007ff84a320000 - 0x00007ff84a347000 	C:\WINDOWS\SYSTEM32\WINMM.dll
0x00007ff859840000 - 0x00007ff85984a000 	C:\WINDOWS\SYSTEM32\VERSION.dll
0x00007ff85fc30000 - 0x00007ff85fc3f000 	D:\Android\Android Studio\jre\jre\bin\verify.dll
0x00007ff844df0000 - 0x00007ff844e19000 	D:\Android\Android Studio\jre\jre\bin\java.dll
0x00007ff84a500000 - 0x00007ff84a516000 	D:\Android\Android Studio\jre\jre\bin\zip.dll
0x00007ff865ae0000 - 0x00007ff86621f000 	C:\WINDOWS\System32\SHELL32.dll
0x00007ff8622c0000 - 0x00007ff862a50000 	C:\WINDOWS\SYSTEM32\windows.storage.dll
0x00007ff864fd0000 - 0x00007ff865325000 	C:\WINDOWS\System32\combase.dll
0x00007ff863d20000 - 0x00007ff863d4c000 	C:\WINDOWS\SYSTEM32\Wldp.dll
0x00007ff864bf0000 - 0x00007ff864c9e000 	C:\WINDOWS\System32\SHCORE.dll
0x00007ff866560000 - 0x00007ff8665b5000 	C:\WINDOWS\System32\shlwapi.dll
0x00007ff864200000 - 0x00007ff86421f000 	C:\WINDOWS\SYSTEM32\profapi.dll
0x00007ff84a470000 - 0x00007ff84a48a000 	D:\Android\Android Studio\jre\jre\bin\net.dll
0x00007ff863a10000 - 0x00007ff863a7a000 	C:\WINDOWS\system32\mswsock.dll
0x00007ff844dd0000 - 0x00007ff844de3000 	D:\Android\Android Studio\jre\jre\bin\nio.dll

VM Arguments:
java_command: org.jetbrains.kotlin.cli.jvm.K2JVMCompiler -Xallow-no-source-files -classpath C:\Users\Ifeanyi\AndroidStudioProjects\NewsApp\app\build\intermediates\compile_and_runtime_not_namespaced_r_class_jar\debug\R.jar;C:\Users\Ifeanyi\.gradle\caches\transforms-2\files-2.1\db3631391066eb5379dc2a1cc4807ed8\jetified-kotlin-android-extensions-runtime-1.3.71.jar;C:\Users\Ifeanyi\.gradle\caches\transforms-2\files-2.1\d438e1f48d9a3383a7c1fffc9c2f6904\jetified-kotlin-stdlib-jdk7-1.3.71.jar;C:\Users\Ifeanyi\.gradle\caches\transforms-2\files-2.1\cf420e1ea30f1b14cc9e09283da90ce0\navigation-fragment-ktx-2.2.1-api.jar;C:\Users\Ifeanyi\.gradle\caches\transforms-2\files-2.1\da43d6719aa67576142ec6138255a522\jetified-fragment-ktx-1.2.0-api.jar;C:\Users\Ifeanyi\.gradle\caches\transforms-2\files-2.1\4c0c0f1276676bbdd6a84330cd8e2853\navigation-ui-ktx-2.2.1-api.jar;C:\Users\Ifeanyi\.gradle\caches\transforms-2\files-2.1\c4c89f77b2c5044a5d2d3e65b6c5bd7f\navigation-runtime-ktx-2.2.1-api.jar;C:\Users\Ifeanyi\.gradle\caches\transforms-2\files-2.1\4a79a81de9cd5671a415ee1a324e863e\jetified-activity-ktx-1.1.0-api.jar;C:\Users\Ifeanyi\.gradle\caches\transforms-2\files-2.1\e93c780cf4ca39aa46d766976694e326\jetified-core-ktx-1.2.0-api.jar;C:\Users\Ifeanyi\.gradle\caches\transforms-2\files-2.1\171fffc8ba06fa66af840ea4e65c6a3b\jetified-lifecycle-viewmodel-ktx-2.2.0-api.jar;C:\Users\Ifeanyi\.gradle\caches\transforms-2\files-2.1\d3bab23cf9540ec01908fa9376de984f\jetified-room-ktx-2.2.5-api.jar;C:\Users\Ifeanyi\.gradle\caches\transforms-2\files-2.1\e2f39b88c0a9760157d879386f18e41a\jetified-lifecycle-runtime-ktx-2.2.0-api.jar;C:\Users\Ifeanyi\.gradle\caches\transforms-2\files-2.1\2e08f550dcf4443fec3a290819aa98f7\jetified-kotlinx-coroutines-android-1.3.5.jar;C:\Users\Ifeanyi\.gradle\caches\transforms-2\files-2.1\54c77f587141cfc12e97f464ea2ab70c\jetified-kotlinx-coroutines-core-1.3.5.jar;C:\Users\Ifeanyi\.gradle\caches\transforms-2\files-2.1\dc0b129eb1a7525541be005e1a3a28a4\jetified-converter-gson-2.6
java_class_path (initial): C:\Users\Ifeanyi\.gradle\caches\modules-2\files-2.1\org.jetbrains.kotlin\kotlin-compiler-embeddable\1.3.71\df961ae412445788a38170e27f90bad4e0824153\kotlin-compiler-embeddable-1.3.71.jar;C:\Users\Ifeanyi\.gradle\caches\modules-2\files-2.1\org.jetbrains.kotlin\kotlin-reflect\1.3.71\fca74670d8e6906a3241b3cf3732409ca77b2508\kotlin-reflect-1.3.71.jar;C:\Users\Ifeanyi\.gradle\caches\modules-2\files-2.1\org.jetbrains.kotlin\kotlin-stdlib\1.3.71\898273189ad22779da6bed88ded39b14cb5fd432\kotlin-stdlib-1.3.71.jar;C:\Users\Ifeanyi\.gradle\caches\modules-2\files-2.1\org.jetbrains.kotlin\kotlin-script-runtime\1.3.71\7f5522e7a9d1736fabfdb4335630f64504ce8f20\kotlin-script-runtime-1.3.71.jar;C:\Users\Ifeanyi\.gradle\caches\modules-2\files-2.1\org.jetbrains.kotlin\kotlin-daemon-embeddable\1.3.71\9729c4da2369c4cb84514297f6c652e05dc49d6b\kotlin-daemon-embeddable-1.3.71.jar;C:\Users\Ifeanyi\.gradle\caches\modules-2\files-2.1\org.jetbrains.intellij.deps\trove4j\1.0.20181211\216c2e14b070f334479d800987affe4054cd563f\trove4j-1.0.20181211.jar;C:\Users\Ifeanyi\.gradle\caches\modules-2\files-2.1\org.jetbrains.kotlin\kotlin-stdlib-common\1.3.71\e71c3fef58e26affeb03d675e91fd8abdd44aa7b\kotlin-stdlib-common-1.3.71.jar;C:\Users\Ifeanyi\.gradle\caches\modules-2\files-2.1\org.jetbrains\annotations\13.0\919f0dfe192fb4e063e7dacadee7f8bb9a2672a9\annotations-13.0.jar;D:\Android\Android Studio\jre\lib\tools.jar
Launcher Type: SUN_STANDARD

Environment Variables:
PATH=C:\Program Files (x86)\Common Files\Oracle\Java\javapath;C:\ProgramData\Oracle\Java\javapath;C:\windows\system32;C:\windows;C:\windows\System32\Wbem;C:\windows\System32\WindowsPowerShell\v1.0\;C:\windows\System32\OpenSSH\;C:\Program Files (x86)\NVIDIA Corporation\PhysX\Common;C:\Program Files\NVIDIA Corporation\NVIDIA NvDLISR;C:\WINDOWS\system32;C:\WINDOWS;C:\WINDOWS\System32\Wbem;C:\WINDOWS\System32\WindowsPowerShell\v1.0\;C:\WINDOWS\System32\OpenSSH\;C:\xampp\php;C:\ProgramData\ComposerSetup\bin;C:\Program Files\Git\cmd;C:\ProgramData\chocolatey\bin;D:\Program Files\nodejs\;C:\Users\Ifeanyi\AppData\Local\Microsoft\WindowsApps;C:\Users\Ifeanyi\AppData\Local\Programs\Microsoft VS Code\bin;C:\Users\Ifeanyi\AppData\Roaming\Composer\vendor\bin;C:\tools\dart-sdk\bin;C:\Users\Ifeanyi\AppData\Roaming\Pub\Cache\bin;C:\Users\Ifeanyi\Documents\flutter_windows_1.22.3-stable\flutter\bin;C:\Users\Ifeanyi\AppData\Roaming\npm;D:\heroku\bin
USERNAME=Ifeanyi
OS=Windows_NT
PROCESSOR_IDENTIFIER=Intel64 Family 6 Model 126 Stepping 5, GenuineIntel



---------------  S Y S T E M  ---------------

OS: Windows 10.0 , 64 bit Build 19041 (10.0.19041.1151)

CPU:total 8 (initial active 8) (4 cores per cpu, 2 threads per core) family 6 model 126 stepping 5, cmov, cx8, fxsr, mmx, sse, sse2, sse3, ssse3, sse4.1, sse4.2, popcnt, avx, avx2, aes, clmul, erms, 3dnowpref, lzcnt, ht, tsc, tscinvbit, bmi1, bmi2, adx

Memory: 4k page, physical 16553776k(495564k free), swap 47691664k(5636k free)

vm_info: OpenJDK 64-Bit Server VM (25.242-b01) for windows-amd64 JRE (1.8.0_242-release-1644-b01), built by "builder" with MS VC++ 10.0 (VS2010)

time: Fri Sep 10 14:51:13 2021
timezone: GMT Daylight Time
elapsed time: 7 seconds (0d 0h 0m 7s)

